{
  "RSpec": {
    "coverage": {
      "/Users/nickschwaderer/Progrumms/QueryPad/spec/features/answers/answer_spec.rb": [
        1,
        1,
        9,
        9,
        9,
        9,
        9,
        9,
        null,
        1,
        null,
        1,
        7,
        null,
        null,
        1,
        1,
        1,
        1,
        null,
        null,
        1,
        1,
        1,
        1,
        1,
        1,
        1,
        null,
        null,
        1,
        1,
        1,
        1,
        null,
        null,
        1,
        1,
        1,
        1,
        1,
        1,
        1,
        null,
        null,
        1,
        1,
        1,
        null,
        null,
        1,
        1,
        1,
        1,
        1,
        null,
        null,
        1,
        1,
        1,
        null,
        null,
        null,
        1,
        1,
        1,
        1,
        null,
        null,
        null
      ],
      "/Users/nickschwaderer/Progrumms/QueryPad/spec/rails_helper.rb": [
        null,
        1,
        1,
        1,
        null,
        1,
        null,
        1,
        1,
        1,
        null,
        null,
        null,
        null,
        null,
        null,
        null,
        null,
        null,
        null,
        null,
        null,
        null,
        null,
        null,
        null,
        null,
        1,
        null,
        1,
        1,
        null,
        null,
        null,
        null,
        1,
        null,
        1,
        1,
        null,
        1,
        48,
        null,
        1,
        0,
        null,
        1,
        48,
        null,
        1,
        48,
        null,
        null,
        null,
        null,
        null,
        null,
        null,
        null,
        null,
        null,
        null,
        null,
        null,
        null,
        null,
        1,
        null,
        null,
        1,
        null,
        null,
        null
      ],
      "/Users/nickschwaderer/Progrumms/QueryPad/config/environment.rb": [
        null,
        1,
        null,
        null,
        1
      ],
      "/Users/nickschwaderer/Progrumms/QueryPad/config/application.rb": [
        1,
        null,
        1,
        null,
        null,
        null,
        1,
        null,
        1,
        1,
        null,
        1,
        null,
        null,
        null,
        null,
        null,
        null,
        null
      ],
      "/Users/nickschwaderer/Progrumms/QueryPad/config/boot.rb": [
        1,
        null,
        1,
        1
      ],
      "/Users/nickschwaderer/Progrumms/QueryPad/config/environments/test.rb": [
        1,
        null,
        null,
        null,
        null,
        null,
        null,
        1,
        null,
        null,
        null,
        null,
        1,
        null,
        null,
        1,
        1,
        null,
        null,
        null,
        null,
        1,
        1,
        null,
        null,
        1,
        null,
        null,
        1,
        null,
        null,
        1,
        null,
        1,
        null,
        null,
        null,
        null,
        1,
        null,
        null,
        1,
        null,
        null,
        null,
        null
      ],
      "/Users/nickschwaderer/Progrumms/QueryPad/config/initializers/application_controller_renderer.rb": [
        null,
        null,
        null,
        null,
        null,
        null,
        null,
        null
      ],
      "/Users/nickschwaderer/Progrumms/QueryPad/config/initializers/assets.rb": [
        null,
        null,
        null,
        1,
        null,
        null,
        null,
        null,
        1,
        null,
        null,
        null,
        null,
        null
      ],
      "/Users/nickschwaderer/Progrumms/QueryPad/config/initializers/backtrace_silencers.rb": [
        null,
        null,
        null,
        null,
        null,
        null,
        null
      ],
      "/Users/nickschwaderer/Progrumms/QueryPad/config/initializers/content_security_policy.rb": [
        null,
        null,
        null,
        null,
        null,
        null,
        null,
        null,
        null,
        null,
        null,
        null,
        null,
        null,
        null,
        null,
        null,
        null,
        null,
        null,
        null,
        null,
        null,
        null,
        null
      ],
      "/Users/nickschwaderer/Progrumms/QueryPad/config/initializers/cookies_serializer.rb": [
        null,
        null,
        null,
        null,
        1
      ],
      "/Users/nickschwaderer/Progrumms/QueryPad/config/initializers/devise.rb": [
        null,
        null,
        null,
        null,
        1,
        null,
        null,
        null,
        null,
        null,
        null,
        null,
        null,
        null,
        null,
        null,
        null,
        null,
        null,
        null,
        1,
        null,
        null,
        null,
        null,
        null,
        null,
        null,
        null,
        null,
        null,
        null,
        1,
        null,
        null,
        null,
        null,
        null,
        null,
        null,
        null,
        null,
        null,
        null,
        null,
        null,
        null,
        null,
        null,
        null,
        null,
        null,
        null,
        null,
        1,
        null,
        null,
        null,
        null,
        1,
        null,
        null,
        null,
        null,
        null,
        null,
        null,
        null,
        null,
        null,
        null,
        null,
        null,
        null,
        null,
        null,
        null,
        null,
        null,
        null,
        null,
        null,
        null,
        null,
        null,
        null,
        null,
        null,
        null,
        null,
        1,
        1,
        null,
        null,
        null,
        null,
        null,
        null,
        null,
        null,
        null,
        null,
        null,
        null,
        null,
        null,
        null,
        null,
        null,
        null,
        null,
        null,
        null,
        null,
        1,
        null,
        null,
        null,
        null,
        null,
        null,
        null,
        null,
        null,
        null,
        null,
        null,
        null,
        null,
        null,
        null,
        null,
        null,
        null,
        null,
        null,
        null,
        null,
        null,
        null,
        null,
        null,
        null,
        null,
        null,
        1,
        null,
        null,
        null,
        null,
        null,
        null,
        null,
        null,
        null,
        1,
        null,
        null,
        null,
        null,
        null,
        null,
        null,
        null,
        null,
        null,
        1,
        null,
        null,
        null,
        null,
        1,
        null,
        null,
        null,
        null,
        null,
        null,
        null,
        null,
        null,
        null,
        null,
        null,
        null,
        null,
        null,
        null,
        null,
        null,
        null,
        null,
        null,
        null,
        null,
        null,
        null,
        null,
        null,
        null,
        null,
        null,
        null,
        null,
        null,
        null,
        null,
        null,
        null,
        null,
        null,
        null,
        1,
        null,
        null,
        null,
        null,
        null,
        null,
        null,
        null,
        null,
        null,
        null,
        null,
        null,
        null,
        null,
        null,
        null,
        null,
        null,
        null,
        null,
        null,
        null,
        null,
        null,
        null,
        null,
        null,
        null,
        null,
        null,
        null,
        null,
        null,
        null,
        null,
        null,
        null,
        null,
        null,
        null,
        1,
        null,
        null,
        null,
        null,
        null,
        null,
        null,
        null,
        null,
        null,
        null,
        null,
        null,
        null,
        null,
        null,
        null,
        null,
        null,
        null,
        null,
        null,
        null,
        null,
        null,
        null,
        null,
        1,
        null
      ],
      "/Users/nickschwaderer/Progrumms/QueryPad/config/initializers/filter_parameter_logging.rb": [
        null,
        null,
        null,
        1
      ],
      "/Users/nickschwaderer/Progrumms/QueryPad/config/initializers/inflections.rb": [
        null,
        null,
        null,
        null,
        null,
        null,
        null,
        null,
        null,
        null,
        null,
        null,
        null,
        null,
        null,
        null
      ],
      "/Users/nickschwaderer/Progrumms/QueryPad/config/initializers/kaminari_config.rb": [
        null,
        1,
        null,
        null,
        null,
        null,
        null,
        null,
        null,
        null,
        null,
        null
      ],
      "/Users/nickschwaderer/Progrumms/QueryPad/config/initializers/mime_types.rb": [
        null,
        null,
        null,
        null
      ],
      "/Users/nickschwaderer/Progrumms/QueryPad/config/initializers/wrap_parameters.rb": [
        null,
        null,
        null,
        null,
        null,
        null,
        1,
        2,
        null,
        null,
        null,
        null,
        null,
        null
      ],
      "/Users/nickschwaderer/Progrumms/QueryPad/spec/factories/answer.rb": [
        1,
        1,
        1,
        1,
        1,
        null,
        null
      ],
      "/Users/nickschwaderer/Progrumms/QueryPad/spec/factories/question.rb": [
        1,
        1,
        1,
        1,
        1,
        null,
        null
      ],
      "/Users/nickschwaderer/Progrumms/QueryPad/spec/factories/user.rb": [
        1,
        1,
        1,
        88,
        1,
        88,
        null,
        null
      ],
      "/Users/nickschwaderer/Progrumms/QueryPad/spec/factories/vote.rb": [
        1,
        1,
        1,
        1,
        null,
        null
      ],
      "/Users/nickschwaderer/Progrumms/QueryPad/config/routes.rb": [
        1,
        1,
        1,
        null,
        1,
        1,
        null,
        null,
        1,
        1,
        1,
        1,
        null,
        null,
        1,
        1,
        1,
        1,
        1,
        null,
        null,
        null
      ],
      "/Users/nickschwaderer/Progrumms/QueryPad/app/models/user.rb": [
        1,
        1,
        null,
        1,
        1,
        1,
        1,
        1,
        1,
        null,
        1,
        0,
        0,
        0,
        0,
        null,
        null,
        null,
        1,
        42,
        42,
        34,
        8,
        5,
        null,
        3,
        null,
        null,
        null,
        1,
        25,
        null,
        null,
        1,
        5,
        null,
        null,
        1,
        47,
        null,
        null,
        1,
        80,
        null,
        null
      ],
      "/Users/nickschwaderer/Progrumms/QueryPad/app/models/application_record.rb": [
        1,
        1,
        null,
        1,
        63,
        null,
        null
      ],
      "/Users/nickschwaderer/Progrumms/QueryPad/app/helpers/application_helper.rb": [
        1,
        1,
        21,
        null,
        0,
        null,
        0,
        null,
        8,
        null,
        13,
        null,
        0,
        null,
        null,
        null
      ],
      "/Users/nickschwaderer/Progrumms/QueryPad/app/helpers/markdown_helper.rb": [
        1,
        1,
        63,
        null,
        null,
        null,
        null,
        null,
        null,
        null,
        null,
        null,
        63,
        null,
        null,
        null,
        null,
        null,
        63,
        63,
        null,
        63,
        null,
        null
      ],
      "/Users/nickschwaderer/Progrumms/QueryPad/spec/support/factory_bot.rb": [
        1,
        1,
        null
      ],
      "/Users/nickschwaderer/Progrumms/QueryPad/spec/features/questions/question_spec.rb": [
        1,
        1,
        14,
        14,
        14,
        14,
        null,
        1,
        null,
        1,
        9,
        null,
        null,
        1,
        1,
        1,
        null,
        null,
        1,
        1,
        1,
        1,
        null,
        null,
        1,
        1,
        1,
        1,
        null,
        null,
        1,
        1,
        1,
        1,
        1,
        1,
        1,
        1,
        null,
        null,
        1,
        1,
        1,
        1,
        1,
        null,
        null,
        1,
        1,
        1,
        1,
        1,
        1,
        1,
        null,
        null,
        1,
        1,
        1,
        null,
        null,
        1,
        1,
        1,
        1,
        1,
        null,
        null,
        1,
        1,
        1,
        null,
        null,
        null,
        1,
        null,
        1,
        1,
        1,
        1,
        null,
        null,
        1,
        1,
        1,
        null,
        null,
        null,
        1,
        1,
        1,
        1,
        1,
        null,
        null,
        1,
        1,
        null,
        null,
        null,
        1,
        1,
        1,
        1,
        1,
        null,
        null,
        1,
        1,
        1,
        null,
        1,
        null,
        null,
        null
      ],
      "/Users/nickschwaderer/Progrumms/QueryPad/spec/features/questions/search_spec.rb": [
        1,
        1,
        3,
        3,
        3,
        null,
        1,
        1,
        1,
        null,
        1,
        1,
        1,
        1,
        1,
        1,
        null,
        null,
        null,
        1,
        1,
        1,
        null,
        1,
        1,
        1,
        1,
        1,
        1,
        null,
        null,
        null
      ],
      "/Users/nickschwaderer/Progrumms/QueryPad/spec/features/votes/vote_spec.rb": [
        1,
        1,
        11,
        11,
        11,
        11,
        11,
        11,
        null,
        1,
        null,
        1,
        6,
        6,
        null,
        null,
        1,
        1,
        1,
        null,
        1,
        1,
        1,
        null,
        null,
        1,
        1,
        1,
        null,
        1,
        1,
        1,
        null,
        null,
        1,
        1,
        1,
        1,
        null,
        1,
        1,
        null,
        null,
        1,
        1,
        1,
        null,
        null,
        1,
        1,
        null,
        null,
        1,
        1,
        1,
        1,
        1,
        null,
        1,
        1,
        null,
        null,
        null,
        1,
        1,
        2,
        2,
        2,
        null,
        null,
        1,
        1,
        1,
        null,
        1,
        null,
        null,
        1,
        1,
        1,
        null,
        null,
        null,
        1,
        1,
        2,
        2,
        2,
        null,
        1,
        1,
        1,
        null,
        1,
        null,
        null,
        1,
        1,
        1,
        null,
        null,
        null
      ],
      "/Users/nickschwaderer/Progrumms/QueryPad/spec/models/answer_spec.rb": [
        1,
        null,
        1,
        4,
        4,
        4,
        null,
        1,
        1,
        1,
        1,
        1,
        1,
        null,
        null,
        1,
        1,
        1,
        1,
        1,
        null,
        null,
        1,
        1,
        null,
        null,
        null
      ],
      "/Users/nickschwaderer/Progrumms/QueryPad/app/models/answer.rb": [
        1,
        1,
        1,
        1,
        1,
        null,
        1,
        null,
        1,
        null,
        1,
        5,
        null,
        null,
        1,
        10,
        null,
        null,
        1,
        1,
        null,
        null
      ],
      "/Users/nickschwaderer/Progrumms/QueryPad/spec/models/question_spec.rb": [
        1,
        null,
        1,
        3,
        3,
        null,
        1,
        1,
        1,
        1,
        1,
        1,
        null,
        null,
        1,
        1,
        1,
        1,
        1,
        null,
        null,
        null
      ],
      "/Users/nickschwaderer/Progrumms/QueryPad/app/models/question.rb": [
        1,
        1,
        1,
        1,
        1,
        1,
        1,
        null,
        1,
        null,
        1,
        null,
        1,
        16,
        null,
        null,
        1,
        5,
        null,
        null
      ],
      "/Users/nickschwaderer/Progrumms/QueryPad/spec/models/user_spec.rb": [
        1,
        null,
        1,
        1,
        9,
        9,
        9,
        9,
        9,
        9,
        null,
        1,
        1,
        1,
        1,
        1,
        null,
        null,
        1,
        1,
        1,
        1,
        1,
        null,
        null,
        1,
        1,
        1,
        1,
        1,
        1,
        null,
        null,
        1,
        1,
        1,
        1,
        1,
        1,
        null,
        null,
        1,
        1,
        1,
        1,
        1,
        1,
        null,
        null,
        1,
        1,
        null,
        null,
        1,
        1,
        null,
        null,
        1,
        1,
        null,
        null,
        null
      ],
      "/Users/nickschwaderer/Progrumms/QueryPad/spec/models/vote_spec.rb": [
        1,
        null,
        1,
        3,
        3,
        3,
        null,
        1,
        1,
        null,
        null,
        null,
        null,
        1,
        1,
        null,
        null,
        1,
        1,
        1,
        1,
        null,
        null
      ],
      "/Users/nickschwaderer/Progrumms/QueryPad/app/models/vote.rb": [
        1,
        1,
        1,
        1,
        1,
        null,
        1,
        null,
        1,
        25,
        23,
        null,
        2,
        null,
        null,
        null,
        1,
        3,
        2,
        null,
        1,
        null,
        null,
        null,
        1,
        24,
        24,
        null,
        null,
        1,
        4,
        4,
        null,
        null
      ],
      "/Users/nickschwaderer/Progrumms/QueryPad/app/controllers/questions_controller.rb": [
        1,
        1,
        1,
        1,
        null,
        1,
        13,
        13,
        null,
        null,
        1,
        null,
        1,
        0,
        0,
        null,
        null,
        1,
        3,
        null,
        null,
        1,
        null,
        1,
        2,
        2,
        1,
        1,
        null,
        1,
        1,
        null,
        null,
        null,
        1,
        1,
        1,
        1,
        null,
        0,
        0,
        null,
        null,
        null,
        1,
        2,
        2,
        2,
        null,
        0,
        0,
        null,
        null,
        null,
        1,
        2,
        null,
        null,
        1,
        26,
        null,
        null,
        1,
        null,
        1,
        5,
        1,
        1,
        null,
        null,
        null,
        1,
        40,
        null,
        null,
        1,
        2,
        null,
        null,
        1,
        3,
        null,
        null
      ],
      "/Users/nickschwaderer/Progrumms/QueryPad/app/controllers/application_controller.rb": [
        1,
        1,
        1,
        1,
        null,
        1,
        0,
        null,
        null,
        1,
        39,
        null,
        null,
        1,
        71,
        null,
        null
      ],
      "/Users/nickschwaderer/Progrumms/QueryPad/app/decorators/user_decorator.rb": [
        1,
        1,
        null,
        1,
        89,
        5,
        3,
        null,
        null,
        null
      ],
      "/Users/nickschwaderer/Progrumms/QueryPad/app/decorators/application_decorator.rb": [
        1,
        1,
        null
      ],
      "/Users/nickschwaderer/Progrumms/QueryPad/app/controllers/answers_controller.rb": [
        1,
        1,
        1,
        null,
        1,
        null,
        1,
        3,
        null,
        null,
        1,
        null,
        1,
        2,
        2,
        1,
        1,
        null,
        1,
        1,
        null,
        null,
        null,
        1,
        1,
        1,
        1,
        null,
        0,
        0,
        null,
        null,
        null,
        1,
        1,
        1,
        1,
        null,
        0,
        0,
        null,
        null,
        null,
        1,
        null,
        1,
        4,
        1,
        1,
        null,
        null,
        null,
        1,
        4,
        null,
        null,
        1,
        3,
        null,
        null
      ],
      "/Users/nickschwaderer/Progrumms/QueryPad/app/controllers/static_pages_controller.rb": [
        1,
        1,
        1,
        9,
        null,
        null
      ],
      "/Users/nickschwaderer/Progrumms/QueryPad/app/controllers/votes_controller.rb": [
        1,
        null,
        1,
        null,
        1,
        7,
        7,
        1,
        1,
        null,
        6,
        6,
        null,
        7,
        null,
        null,
        1,
        null,
        1,
        0,
        null,
        null,
        1,
        15,
        null,
        null,
        1,
        27,
        null,
        null,
        1,
        7,
        7,
        7,
        null,
        null,
        1,
        7,
        null,
        null
      ]
    },
    "timestamp": 1533154314
  }
}
